0:0:0:0:0:0:0:1 - - [10/Jul/2019:11:31:12 +0530] "GET / HTTP/1.1" 200 - "-" "Mozilla/5.0 (Windows NT 10.0; Win64; x64) AppleWebKit/537.36 (KHTML, like Gecko) Chrome/75.0.3770.100 Safari/537.36" "-"
0:0:0:0:0:0:0:1 - - [10/Jul/2019:11:31:13 +0530] "GET /js/vendors-main.m.d184ed05.chunk.js HTTP/1.1" 200 - "http://localhost:9000/" "Mozilla/5.0 (Windows NT 10.0; Win64; x64) AppleWebKit/537.36 (KHTML, like Gecko) Chrome/75.0.3770.100 Safari/537.36" "-"
0:0:0:0:0:0:0:1 - - [10/Jul/2019:11:31:13 +0530] "GET /js/main.m.78f2803c.js HTTP/1.1" 200 - "http://localhost:9000/" "Mozilla/5.0 (Windows NT 10.0; Win64; x64) AppleWebKit/537.36 (KHTML, like Gecko) Chrome/75.0.3770.100 Safari/537.36" "-"
0:0:0:0:0:0:0:1 - - [10/Jul/2019:11:31:17 +0530] "GET /api/navigation/global HTTP/1.1" 404 59 "http://localhost:9000/" "Mozilla/5.0 (Windows NT 10.0; Win64; x64) AppleWebKit/537.36 (KHTML, like Gecko) Chrome/75.0.3770.100 Safari/537.36" "-"
0:0:0:0:0:0:0:1 - - [10/Jul/2019:11:31:17 +0530] "GET /api/l10n/index?locale=en-US HTTP/1.1" 200 - "http://localhost:9000/" "Mozilla/5.0 (Windows NT 10.0; Win64; x64) AppleWebKit/537.36 (KHTML, like Gecko) Chrome/75.0.3770.100 Safari/537.36" "-"
0:0:0:0:0:0:0:1 - - [10/Jul/2019:11:31:18 +0530] "GET /js/17.m.6a569be2.chunk.js HTTP/1.1" 200 - "http://localhost:9000/" "Mozilla/5.0 (Windows NT 10.0; Win64; x64) AppleWebKit/537.36 (KHTML, like Gecko) Chrome/75.0.3770.100 Safari/537.36" "-"
0:0:0:0:0:0:0:1 - - [10/Jul/2019:11:31:18 +0530] "GET /js/9.m.7248fae3.chunk.js HTTP/1.1" 200 - "http://localhost:9000/" "Mozilla/5.0 (Windows NT 10.0; Win64; x64) AppleWebKit/537.36 (KHTML, like Gecko) Chrome/75.0.3770.100 Safari/537.36" "-"
0:0:0:0:0:0:0:1 - - [10/Jul/2019:11:31:18 +0530] "GET /js/vendors-app.m.666dea2a.chunk.js HTTP/1.1" 200 - "http://localhost:9000/" "Mozilla/5.0 (Windows NT 10.0; Win64; x64) AppleWebKit/537.36 (KHTML, like Gecko) Chrome/75.0.3770.100 Safari/537.36" "-"
0:0:0:0:0:0:0:1 - - [10/Jul/2019:11:31:18 +0530] "GET /js/app.m.6b58a4f3.chunk.js HTTP/1.1" 200 - "http://localhost:9000/" "Mozilla/5.0 (Windows NT 10.0; Win64; x64) AppleWebKit/537.36 (KHTML, like Gecko) Chrome/75.0.3770.100 Safari/537.36" "-"
0:0:0:0:0:0:0:1 - - [10/Jul/2019:11:31:19 +0530] "GET /js/368.m.965d0624.chunk.js HTTP/1.1" 200 493 "http://localhost:9000/maintenance?return_to=%2F" "Mozilla/5.0 (Windows NT 10.0; Win64; x64) AppleWebKit/537.36 (KHTML, like Gecko) Chrome/75.0.3770.100 Safari/537.36" "-"
0:0:0:0:0:0:0:1 - - [10/Jul/2019:11:31:20 +0530] "GET /js/0.m.ed531fb2.chunk.js HTTP/1.1" 200 - "http://localhost:9000/maintenance?return_to=%2F" "Mozilla/5.0 (Windows NT 10.0; Win64; x64) AppleWebKit/537.36 (KHTML, like Gecko) Chrome/75.0.3770.100 Safari/537.36" "-"
0:0:0:0:0:0:0:1 - - [10/Jul/2019:11:31:20 +0530] "GET /js/333.m.c6b88dd4.chunk.js HTTP/1.1" 200 - "http://localhost:9000/maintenance?return_to=%2F" "Mozilla/5.0 (Windows NT 10.0; Win64; x64) AppleWebKit/537.36 (KHTML, like Gecko) Chrome/75.0.3770.100 Safari/537.36" "-"
0:0:0:0:0:0:0:1 - - [10/Jul/2019:11:31:20 +0530] "GET /favicon.ico HTTP/1.1" 200 5430 "http://localhost:9000/maintenance?return_to=%2F" "Mozilla/5.0 (Windows NT 10.0; Win64; x64) AppleWebKit/537.36 (KHTML, like Gecko) Chrome/75.0.3770.100 Safari/537.36" "-"
0:0:0:0:0:0:0:1 - - [10/Jul/2019:11:31:20 +0530] "GET /api/system/status HTTP/1.1" 200 82 "http://localhost:9000/maintenance?return_to=%2F" "Mozilla/5.0 (Windows NT 10.0; Win64; x64) AppleWebKit/537.36 (KHTML, like Gecko) Chrome/75.0.3770.100 Safari/537.36" "-"
0:0:0:0:0:0:0:1 - - [10/Jul/2019:11:31:26 +0530] "GET /api/system/status HTTP/1.1" 200 82 "http://localhost:9000/maintenance?return_to=%2F" "Mozilla/5.0 (Windows NT 10.0; Win64; x64) AppleWebKit/537.36 (KHTML, like Gecko) Chrome/75.0.3770.100 Safari/537.36" "-"
0:0:0:0:0:0:0:1 - - [10/Jul/2019:11:31:31 +0530] "GET /api/system/status HTTP/1.1" 200 82 "http://localhost:9000/maintenance?return_to=%2F" "Mozilla/5.0 (Windows NT 10.0; Win64; x64) AppleWebKit/537.36 (KHTML, like Gecko) Chrome/75.0.3770.100 Safari/537.36" "-"
0:0:0:0:0:0:0:1 - - [10/Jul/2019:11:31:36 +0530] "GET /api/system/status HTTP/1.1" 200 82 "http://localhost:9000/maintenance?return_to=%2F" "Mozilla/5.0 (Windows NT 10.0; Win64; x64) AppleWebKit/537.36 (KHTML, like Gecko) Chrome/75.0.3770.100 Safari/537.36" "-"
0:0:0:0:0:0:0:1 - - [10/Jul/2019:11:31:41 +0530] "GET /api/system/status HTTP/1.1" 200 76 "http://localhost:9000/maintenance?return_to=%2F" "Mozilla/5.0 (Windows NT 10.0; Win64; x64) AppleWebKit/537.36 (KHTML, like Gecko) Chrome/75.0.3770.100 Safari/537.36" "AWvaeScUEgM+DbvVAAAA"
0:0:0:0:0:0:0:1 - - [10/Jul/2019:11:31:44 +0530] "GET / HTTP/1.1" 200 - "http://localhost:9000/maintenance?return_to=%2F" "Mozilla/5.0 (Windows NT 10.0; Win64; x64) AppleWebKit/537.36 (KHTML, like Gecko) Chrome/75.0.3770.100 Safari/537.36" "AWvaeScUEgM+DbvVAAAB"
0:0:0:0:0:0:0:1 - - [10/Jul/2019:11:31:44 +0530] "GET /api/l10n/index?locale=en-US&ts=2019-07-10T06%3A01%3A18%2B0000 HTTP/1.1" 304 - "http://localhost:9000/" "Mozilla/5.0 (Windows NT 10.0; Win64; x64) AppleWebKit/537.36 (KHTML, like Gecko) Chrome/75.0.3770.100 Safari/537.36" "AWvaeScUEgM+DbvVAAAC"
0:0:0:0:0:0:0:1 - - [10/Jul/2019:11:31:44 +0530] "GET /api/navigation/global HTTP/1.1" 200 490 "http://localhost:9000/" "Mozilla/5.0 (Windows NT 10.0; Win64; x64) AppleWebKit/537.36 (KHTML, like Gecko) Chrome/75.0.3770.100 Safari/537.36" "AWvaeScUEgM+DbvVAAAE"
0:0:0:0:0:0:0:1 - - [10/Jul/2019:11:31:44 +0530] "GET /api/users/current HTTP/1.1" 200 112 "http://localhost:9000/" "Mozilla/5.0 (Windows NT 10.0; Win64; x64) AppleWebKit/537.36 (KHTML, like Gecko) Chrome/75.0.3770.100 Safari/537.36" "AWvaeScUEgM+DbvVAAAD"
0:0:0:0:0:0:0:1 - - [10/Jul/2019:11:31:44 +0530] "GET /api/languages/list HTTP/1.1" 200 479 "http://localhost:9000/" "Mozilla/5.0 (Windows NT 10.0; Win64; x64) AppleWebKit/537.36 (KHTML, like Gecko) Chrome/75.0.3770.100 Safari/537.36" "AWvaeScUEgM+DbvVAAAH"
0:0:0:0:0:0:0:1 - - [10/Jul/2019:11:31:44 +0530] "GET /js/21.m.cba4829b.chunk.js HTTP/1.1" 200 2253 "http://localhost:9000/" "Mozilla/5.0 (Windows NT 10.0; Win64; x64) AppleWebKit/537.36 (KHTML, like Gecko) Chrome/75.0.3770.100 Safari/537.36" "AWvaeScUEgM+DbvVAAAF"
0:0:0:0:0:0:0:1 - - [10/Jul/2019:11:31:44 +0530] "GET /js/366.m.fe0e0358.chunk.js HTTP/1.1" 200 596 "http://localhost:9000/" "Mozilla/5.0 (Windows NT 10.0; Win64; x64) AppleWebKit/537.36 (KHTML, like Gecko) Chrome/75.0.3770.100 Safari/537.36" "AWvaeScUEgM+DbvVAAAG"
0:0:0:0:0:0:0:1 - - [10/Jul/2019:11:31:44 +0530] "GET /js/321.m.37022f4e.chunk.js HTTP/1.1" 200 - "http://localhost:9000/about" "Mozilla/5.0 (Windows NT 10.0; Win64; x64) AppleWebKit/537.36 (KHTML, like Gecko) Chrome/75.0.3770.100 Safari/537.36" "AWvaeScUEgM+DbvVAAAI"
0:0:0:0:0:0:0:1 - - [10/Jul/2019:11:31:45 +0530] "GET /images/logo.svg?v=6.6 HTTP/1.1" 200 3507 "http://localhost:9000/about" "Mozilla/5.0 (Windows NT 10.0; Win64; x64) AppleWebKit/537.36 (KHTML, like Gecko) Chrome/75.0.3770.100 Safari/537.36" "AWvaeScUEgM+DbvVAAAM"
0:0:0:0:0:0:0:1 - - [10/Jul/2019:11:31:45 +0530] "GET /images/scanner-logos/msbuild.svg HTTP/1.1" 200 722 "http://localhost:9000/about" "Mozilla/5.0 (Windows NT 10.0; Win64; x64) AppleWebKit/537.36 (KHTML, like Gecko) Chrome/75.0.3770.100 Safari/537.36" "AWvaeScUEgM+DbvVAAAO"
0:0:0:0:0:0:0:1 - - [10/Jul/2019:11:31:45 +0530] "GET /images/scanner-logos/gradle.svg HTTP/1.1" 200 3708 "http://localhost:9000/about" "Mozilla/5.0 (Windows NT 10.0; Win64; x64) AppleWebKit/537.36 (KHTML, like Gecko) Chrome/75.0.3770.100 Safari/537.36" "AWvaeScUEgM+DbvVAAAQ"
0:0:0:0:0:0:0:1 - - [10/Jul/2019:11:31:45 +0530] "GET /images/scanner-logos/maven.svg HTTP/1.1" 200 2234 "http://localhost:9000/about" "Mozilla/5.0 (Windows NT 10.0; Win64; x64) AppleWebKit/537.36 (KHTML, like Gecko) Chrome/75.0.3770.100 Safari/537.36" "AWvaeScUEgM+DbvVAAAP"
0:0:0:0:0:0:0:1 - - [10/Jul/2019:11:31:45 +0530] "GET /images/scanner-logos/sonarqube.svg HTTP/1.1" 200 8422 "http://localhost:9000/about" "Mozilla/5.0 (Windows NT 10.0; Win64; x64) AppleWebKit/537.36 (KHTML, like Gecko) Chrome/75.0.3770.100 Safari/537.36" "AWvaeScUEgM+DbvVAAAN"
0:0:0:0:0:0:0:1 - - [10/Jul/2019:11:31:45 +0530] "GET /images/scanner-logos/jenkins.svg HTTP/1.1" 200 14902 "http://localhost:9000/about" "Mozilla/5.0 (Windows NT 10.0; Win64; x64) AppleWebKit/537.36 (KHTML, like Gecko) Chrome/75.0.3770.100 Safari/537.36" "AWvaeScUEgM+DbvVAAAR"
0:0:0:0:0:0:0:1 - - [10/Jul/2019:11:31:45 +0530] "GET /images/scanner-logos/ant.svg HTTP/1.1" 200 9688 "http://localhost:9000/about" "Mozilla/5.0 (Windows NT 10.0; Win64; x64) AppleWebKit/537.36 (KHTML, like Gecko) Chrome/75.0.3770.100 Safari/537.36" "AWvaeScUEgM+DbvVAAAS"
0:0:0:0:0:0:0:1 - - [10/Jul/2019:11:31:45 +0530] "GET /api/settings/values?keys=sonar.lf.aboutText HTTP/1.1" 200 15 "http://localhost:9000/about" "Mozilla/5.0 (Windows NT 10.0; Win64; x64) AppleWebKit/537.36 (KHTML, like Gecko) Chrome/75.0.3770.100 Safari/537.36" "AWvaeScUEgM+DbvVAAAL"
0:0:0:0:0:0:0:1 - - [10/Jul/2019:11:31:45 +0530] "GET /api/components/search_projects?ps=1 HTTP/1.1" 200 96 "http://localhost:9000/about" "Mozilla/5.0 (Windows NT 10.0; Win64; x64) AppleWebKit/537.36 (KHTML, like Gecko) Chrome/75.0.3770.100 Safari/537.36" "AWvaeScUEgM+DbvVAAAJ"
0:0:0:0:0:0:0:1 - - [10/Jul/2019:11:31:46 +0530] "GET /api/issues/search?resolved=false&facets=types&ps=1&additionalFields=_all HTTP/1.1" 200 799 "http://localhost:9000/about" "Mozilla/5.0 (Windows NT 10.0; Win64; x64) AppleWebKit/537.36 (KHTML, like Gecko) Chrome/75.0.3770.100 Safari/537.36" "AWvaeScUEgM+DbvVAAAK"
0:0:0:0:0:0:0:1 - - [10/Jul/2019:11:40:12 +0530] "GET /js/369.m.d59054c6.chunk.js HTTP/1.1" 200 561 "http://localhost:9000/sessions/new" "Mozilla/5.0 (Windows NT 10.0; Win64; x64) AppleWebKit/537.36 (KHTML, like Gecko) Chrome/75.0.3770.100 Safari/537.36" "AWvaeScUEgM+DbvVAAAT"
0:0:0:0:0:0:0:1 - - [10/Jul/2019:11:40:12 +0530] "GET /js/304.m.9096e8b5.chunk.js HTTP/1.1" 200 - "http://localhost:9000/sessions/new" "Mozilla/5.0 (Windows NT 10.0; Win64; x64) AppleWebKit/537.36 (KHTML, like Gecko) Chrome/75.0.3770.100 Safari/537.36" "AWvaeScUEgM+DbvVAAAU"
0:0:0:0:0:0:0:1 - - [10/Jul/2019:11:40:12 +0530] "GET /api/users/identity_providers HTTP/1.1" 200 24 "http://localhost:9000/sessions/new" "Mozilla/5.0 (Windows NT 10.0; Win64; x64) AppleWebKit/537.36 (KHTML, like Gecko) Chrome/75.0.3770.100 Safari/537.36" "AWvaeScUEgM+DbvVAAAV"
0:0:0:0:0:0:0:1 - - [10/Jul/2019:11:40:17 +0530] "GET /api/languages/list HTTP/1.1" 200 479 "http://localhost:9000/about" "Mozilla/5.0 (Windows NT 10.0; Win64; x64) AppleWebKit/537.36 (KHTML, like Gecko) Chrome/75.0.3770.100 Safari/537.36" "AWvaeScUEgM+DbvVAAAW"
0:0:0:0:0:0:0:1 - - [10/Jul/2019:11:40:17 +0530] "GET /api/settings/values?keys=sonar.lf.aboutText HTTP/1.1" 200 15 "http://localhost:9000/about" "Mozilla/5.0 (Windows NT 10.0; Win64; x64) AppleWebKit/537.36 (KHTML, like Gecko) Chrome/75.0.3770.100 Safari/537.36" "AWvaeScUEgM+DbvVAAAZ"
0:0:0:0:0:0:0:1 - - [10/Jul/2019:11:40:17 +0530] "GET /api/components/search_projects?ps=1 HTTP/1.1" 200 96 "http://localhost:9000/about" "Mozilla/5.0 (Windows NT 10.0; Win64; x64) AppleWebKit/537.36 (KHTML, like Gecko) Chrome/75.0.3770.100 Safari/537.36" "AWvaeScUEgM+DbvVAAAX"
0:0:0:0:0:0:0:1 - - [10/Jul/2019:11:40:17 +0530] "GET /api/issues/search?resolved=false&facets=types&ps=1&additionalFields=_all HTTP/1.1" 200 799 "http://localhost:9000/about" "Mozilla/5.0 (Windows NT 10.0; Win64; x64) AppleWebKit/537.36 (KHTML, like Gecko) Chrome/75.0.3770.100 Safari/537.36" "AWvaeScUEgM+DbvVAAAY"
0:0:0:0:0:0:0:1 - - [10/Jul/2019:12:05:52 +0530] "GET /about HTTP/1.1" 200 - "http://localhost:9000/sessions/new" "Mozilla/5.0 (Windows NT 10.0; Win64; x64) AppleWebKit/537.36 (KHTML, like Gecko) Chrome/75.0.3770.100 Safari/537.36" "AWvaeScUEgM+DbvVAAAa"
0:0:0:0:0:0:0:1 - - [10/Jul/2019:12:05:52 +0530] "GET /api/l10n/index?locale=en-US&ts=2019-07-10T06%3A01%3A18%2B0000 HTTP/1.1" 304 - "http://localhost:9000/about" "Mozilla/5.0 (Windows NT 10.0; Win64; x64) AppleWebKit/537.36 (KHTML, like Gecko) Chrome/75.0.3770.100 Safari/537.36" "AWvaeScUEgM+DbvVAAAb"
0:0:0:0:0:0:0:1 - - [10/Jul/2019:12:05:52 +0530] "GET /api/users/current HTTP/1.1" 200 112 "http://localhost:9000/about" "Mozilla/5.0 (Windows NT 10.0; Win64; x64) AppleWebKit/537.36 (KHTML, like Gecko) Chrome/75.0.3770.100 Safari/537.36" "AWvaeScUEgM+DbvVAAAc"
0:0:0:0:0:0:0:1 - - [10/Jul/2019:12:05:52 +0530] "GET /api/navigation/global HTTP/1.1" 200 490 "http://localhost:9000/about" "Mozilla/5.0 (Windows NT 10.0; Win64; x64) AppleWebKit/537.36 (KHTML, like Gecko) Chrome/75.0.3770.100 Safari/537.36" "AWvaeScUEgM+DbvVAAAd"
0:0:0:0:0:0:0:1 - - [10/Jul/2019:12:05:53 +0530] "GET /api/languages/list HTTP/1.1" 200 479 "http://localhost:9000/about" "Mozilla/5.0 (Windows NT 10.0; Win64; x64) AppleWebKit/537.36 (KHTML, like Gecko) Chrome/75.0.3770.100 Safari/537.36" "AWvaeScUEgM+DbvVAAAe"
0:0:0:0:0:0:0:1 - - [10/Jul/2019:12:05:53 +0530] "GET /api/settings/values?keys=sonar.lf.aboutText HTTP/1.1" 200 15 "http://localhost:9000/about" "Mozilla/5.0 (Windows NT 10.0; Win64; x64) AppleWebKit/537.36 (KHTML, like Gecko) Chrome/75.0.3770.100 Safari/537.36" "AWvaeScUEgM+DbvVAAAh"
0:0:0:0:0:0:0:1 - - [10/Jul/2019:12:05:53 +0530] "GET /api/issues/search?resolved=false&facets=types&ps=1&additionalFields=_all HTTP/1.1" 200 799 "http://localhost:9000/about" "Mozilla/5.0 (Windows NT 10.0; Win64; x64) AppleWebKit/537.36 (KHTML, like Gecko) Chrome/75.0.3770.100 Safari/537.36" "AWvaeScUEgM+DbvVAAAg"
0:0:0:0:0:0:0:1 - - [10/Jul/2019:12:05:53 +0530] "GET /api/components/search_projects?ps=1 HTTP/1.1" 200 96 "http://localhost:9000/about" "Mozilla/5.0 (Windows NT 10.0; Win64; x64) AppleWebKit/537.36 (KHTML, like Gecko) Chrome/75.0.3770.100 Safari/537.36" "AWvaeScUEgM+DbvVAAAf"
0:0:0:0:0:0:0:1 - - [10/Jul/2019:12:05:53 +0530] "GET /images/scanner-logos/jenkins.svg HTTP/1.1" 304 - "http://localhost:9000/about" "Mozilla/5.0 (Windows NT 10.0; Win64; x64) AppleWebKit/537.36 (KHTML, like Gecko) Chrome/75.0.3770.100 Safari/537.36" "AWvaeScUEgM+DbvVAAAm"
0:0:0:0:0:0:0:1 - - [10/Jul/2019:12:05:53 +0530] "GET /images/scanner-logos/gradle.svg HTTP/1.1" 304 - "http://localhost:9000/about" "Mozilla/5.0 (Windows NT 10.0; Win64; x64) AppleWebKit/537.36 (KHTML, like Gecko) Chrome/75.0.3770.100 Safari/537.36" "AWvaeScUEgM+DbvVAAAn"
0:0:0:0:0:0:0:1 - - [10/Jul/2019:12:05:53 +0530] "GET /images/scanner-logos/sonarqube.svg HTTP/1.1" 304 - "http://localhost:9000/about" "Mozilla/5.0 (Windows NT 10.0; Win64; x64) AppleWebKit/537.36 (KHTML, like Gecko) Chrome/75.0.3770.100 Safari/537.36" "AWvaeScUEgM+DbvVAAAk"
0:0:0:0:0:0:0:1 - - [10/Jul/2019:12:05:53 +0530] "GET /images/scanner-logos/msbuild.svg HTTP/1.1" 304 - "http://localhost:9000/about" "Mozilla/5.0 (Windows NT 10.0; Win64; x64) AppleWebKit/537.36 (KHTML, like Gecko) Chrome/75.0.3770.100 Safari/537.36" "AWvaeScUEgM+DbvVAAAj"
0:0:0:0:0:0:0:1 - - [10/Jul/2019:12:05:53 +0530] "GET /images/scanner-logos/maven.svg HTTP/1.1" 304 - "http://localhost:9000/about" "Mozilla/5.0 (Windows NT 10.0; Win64; x64) AppleWebKit/537.36 (KHTML, like Gecko) Chrome/75.0.3770.100 Safari/537.36" "AWvaeScUEgM+DbvVAAAl"
0:0:0:0:0:0:0:1 - - [10/Jul/2019:12:05:53 +0530] "GET /images/logo.svg?v=6.6 HTTP/1.1" 304 - "http://localhost:9000/about" "Mozilla/5.0 (Windows NT 10.0; Win64; x64) AppleWebKit/537.36 (KHTML, like Gecko) Chrome/75.0.3770.100 Safari/537.36" "AWvaeScUEgM+DbvVAAAi"
0:0:0:0:0:0:0:1 - - [10/Jul/2019:12:05:53 +0530] "GET /images/scanner-logos/ant.svg HTTP/1.1" 304 - "http://localhost:9000/about" "Mozilla/5.0 (Windows NT 10.0; Win64; x64) AppleWebKit/537.36 (KHTML, like Gecko) Chrome/75.0.3770.100 Safari/537.36" "AWvaeScUEgM+DbvVAAAo"
0:0:0:0:0:0:0:1 - - [10/Jul/2019:13:00:55 +0530] "GET /api/users/identity_providers HTTP/1.1" 200 24 "http://localhost:9000/sessions/new" "Mozilla/5.0 (Windows NT 10.0; Win64; x64) AppleWebKit/537.36 (KHTML, like Gecko) Chrome/75.0.3770.100 Safari/537.36" "AWvaeScUEgM+DbvVAAAp"
0:0:0:0:0:0:0:1 - - [10/Jul/2019:13:01:04 +0530] "POST /api/authentication/login HTTP/1.1" 200 - "http://localhost:9000/sessions/new" "Mozilla/5.0 (Windows NT 10.0; Win64; x64) AppleWebKit/537.36 (KHTML, like Gecko) Chrome/75.0.3770.100 Safari/537.36" "AWvaeScUEgM+DbvVAAAq"
0:0:0:0:0:0:0:1 - - [10/Jul/2019:13:01:04 +0530] "GET / HTTP/1.1" 200 - "http://localhost:9000/sessions/new" "Mozilla/5.0 (Windows NT 10.0; Win64; x64) AppleWebKit/537.36 (KHTML, like Gecko) Chrome/75.0.3770.100 Safari/537.36" "AWvaeScUEgM+DbvVAAAr"
0:0:0:0:0:0:0:1 - - [10/Jul/2019:13:01:04 +0530] "GET /api/l10n/index?locale=en-US&ts=2019-07-10T06%3A01%3A18%2B0000 HTTP/1.1" 304 - "http://localhost:9000/" "Mozilla/5.0 (Windows NT 10.0; Win64; x64) AppleWebKit/537.36 (KHTML, like Gecko) Chrome/75.0.3770.100 Safari/537.36" "AWvaeScUEgM+DbvVAAAs"
0:0:0:0:0:0:0:1 - - [10/Jul/2019:13:01:04 +0530] "GET /api/navigation/global HTTP/1.1" 200 489 "http://localhost:9000/" "Mozilla/5.0 (Windows NT 10.0; Win64; x64) AppleWebKit/537.36 (KHTML, like Gecko) Chrome/75.0.3770.100 Safari/537.36" "AWvaeScUEgM+DbvVAAAu"
0:0:0:0:0:0:0:1 - - [10/Jul/2019:13:01:04 +0530] "GET /api/users/current HTTP/1.1" 200 354 "http://localhost:9000/" "Mozilla/5.0 (Windows NT 10.0; Win64; x64) AppleWebKit/537.36 (KHTML, like Gecko) Chrome/75.0.3770.100 Safari/537.36" "AWvaeScUEgM+DbvVAAAt"
0:0:0:0:0:0:0:1 - - [10/Jul/2019:13:01:04 +0530] "GET /api/languages/list HTTP/1.1" 200 479 "http://localhost:9000/" "Mozilla/5.0 (Windows NT 10.0; Win64; x64) AppleWebKit/537.36 (KHTML, like Gecko) Chrome/75.0.3770.100 Safari/537.36" "AWvaeScUEgM+DbvVAAAv"
0:0:0:0:0:0:0:1 - - [10/Jul/2019:13:01:04 +0530] "GET /images/logo.svg?v=6.6 HTTP/1.1" 304 - "http://localhost:9000/projects" "Mozilla/5.0 (Windows NT 10.0; Win64; x64) AppleWebKit/537.36 (KHTML, like Gecko) Chrome/75.0.3770.100 Safari/537.36" "AWvaeScUEgM+DbvVAAAw"
0:0:0:0:0:0:0:1 - - [10/Jul/2019:13:01:04 +0530] "GET /js/353.m.8583a648.chunk.js HTTP/1.1" 200 4437 "http://localhost:9000/projects" "Mozilla/5.0 (Windows NT 10.0; Win64; x64) AppleWebKit/537.36 (KHTML, like Gecko) Chrome/75.0.3770.100 Safari/537.36" "AWvaeScUEgM+DbvVAAAx"
0:0:0:0:0:0:0:1 - - [10/Jul/2019:13:01:05 +0530] "GET /api/components/search_projects?filter=isFavorite&ps=1 HTTP/1.1" 200 96 "http://localhost:9000/projects" "Mozilla/5.0 (Windows NT 10.0; Win64; x64) AppleWebKit/537.36 (KHTML, like Gecko) Chrome/75.0.3770.100 Safari/537.36" "AWvaeScUEgM+DbvVAAAy"
0:0:0:0:0:0:0:1 - - [10/Jul/2019:13:01:05 +0530] "GET /js/5.m.dde07b4e.chunk.js HTTP/1.1" 200 - "http://localhost:9000/projects" "Mozilla/5.0 (Windows NT 10.0; Win64; x64) AppleWebKit/537.36 (KHTML, like Gecko) Chrome/75.0.3770.100 Safari/537.36" "AWvaeScUEgM+DbvVAAAz"
0:0:0:0:0:0:0:1 - - [10/Jul/2019:13:01:05 +0530] "GET /js/6.m.522df832.chunk.js HTTP/1.1" 200 - "http://localhost:9000/projects" "Mozilla/5.0 (Windows NT 10.0; Win64; x64) AppleWebKit/537.36 (KHTML, like Gecko) Chrome/75.0.3770.100 Safari/537.36" "AWvaeScUEgM+DbvVAAA0"
0:0:0:0:0:0:0:1 - - [10/Jul/2019:13:01:05 +0530] "GET /js/277.m.131d3e75.chunk.js HTTP/1.1" 200 - "http://localhost:9000/projects" "Mozilla/5.0 (Windows NT 10.0; Win64; x64) AppleWebKit/537.36 (KHTML, like Gecko) Chrome/75.0.3770.100 Safari/537.36" "AWvaeScUEgM+DbvVAAA2"
0:0:0:0:0:0:0:1 - - [10/Jul/2019:13:01:05 +0530] "GET /js/23.m.428b7fda.chunk.js HTTP/1.1" 200 - "http://localhost:9000/projects" "Mozilla/5.0 (Windows NT 10.0; Win64; x64) AppleWebKit/537.36 (KHTML, like Gecko) Chrome/75.0.3770.100 Safari/537.36" "AWvaeScUEgM+DbvVAAA1"
0:0:0:0:0:0:0:1 - - [10/Jul/2019:13:01:06 +0530] "GET /js/380.m.e9ffe6b4.chunk.js HTTP/1.1" 200 891 "http://localhost:9000/projects" "Mozilla/5.0 (Windows NT 10.0; Win64; x64) AppleWebKit/537.36 (KHTML, like Gecko) Chrome/75.0.3770.100 Safari/537.36" "AWvaeScUEgM+DbvVAAA5"
0:0:0:0:0:0:0:1 - - [10/Jul/2019:13:01:06 +0530] "GET /js/365.m.d0eabd20.chunk.js HTTP/1.1" 200 - "http://localhost:9000/projects" "Mozilla/5.0 (Windows NT 10.0; Win64; x64) AppleWebKit/537.36 (KHTML, like Gecko) Chrome/75.0.3770.100 Safari/537.36" "AWvaeScUEgM+DbvVAAA3"
0:0:0:0:0:0:0:1 - - [10/Jul/2019:13:01:06 +0530] "GET /js/381.m.f5acbe99.chunk.js HTTP/1.1" 200 - "http://localhost:9000/projects" "Mozilla/5.0 (Windows NT 10.0; Win64; x64) AppleWebKit/537.36 (KHTML, like Gecko) Chrome/75.0.3770.100 Safari/537.36" "AWvaeScUEgM+DbvVAAA4"
0:0:0:0:0:0:0:1 - - [10/Jul/2019:13:01:08 +0530] "GET /api/components/search_projects?ps=50&facets=reliability_rating%2Csecurity_rating%2Csqale_rating%2Ccoverage%2Cduplicated_lines_density%2Cncloc%2Calert_status%2Clanguages%2Ctags&f=analysisDate%2CleakPeriodDate HTTP/1.1" 200 - "http://localhost:9000/projects" "Mozilla/5.0 (Windows NT 10.0; Win64; x64) AppleWebKit/537.36 (KHTML, like Gecko) Chrome/75.0.3770.100 Safari/537.36" "AWvaeScUEgM+DbvVAAA6"
0:0:0:0:0:0:0:1 - - [10/Jul/2019:13:01:40 +0530] "GET /js/341.m.ecdd29aa.chunk.js HTTP/1.1" 200 6730 "http://localhost:9000/account" "Mozilla/5.0 (Windows NT 10.0; Win64; x64) AppleWebKit/537.36 (KHTML, like Gecko) Chrome/75.0.3770.100 Safari/537.36" "AWvaeScUEgM+DbvVAAA7"
0:0:0:0:0:0:0:1 - - [10/Jul/2019:13:01:41 +0530] "GET /js/357.m.52f1df99.chunk.js HTTP/1.1" 200 3583 "http://localhost:9000/account" "Mozilla/5.0 (Windows NT 10.0; Win64; x64) AppleWebKit/537.36 (KHTML, like Gecko) Chrome/75.0.3770.100 Safari/537.36" "AWvaeScUEgM+DbvVAAA8"
0:0:0:0:0:0:0:1 - - [10/Jul/2019:13:01:44 +0530] "GET /js/1.m.d1c59759.chunk.js HTTP/1.1" 200 - "http://localhost:9000/account/security/" "Mozilla/5.0 (Windows NT 10.0; Win64; x64) AppleWebKit/537.36 (KHTML, like Gecko) Chrome/75.0.3770.100 Safari/537.36" "AWvaeScUEgM+DbvVAAA9"
0:0:0:0:0:0:0:1 - - [10/Jul/2019:13:01:44 +0530] "GET /js/306.m.25110535.chunk.js HTTP/1.1" 200 - "http://localhost:9000/account/security/" "Mozilla/5.0 (Windows NT 10.0; Win64; x64) AppleWebKit/537.36 (KHTML, like Gecko) Chrome/75.0.3770.100 Safari/537.36" "AWvaeScUEgM+DbvVAAA+"
0:0:0:0:0:0:0:1 - - [10/Jul/2019:13:01:44 +0530] "GET /api/user_tokens/search?login=admin HTTP/1.1" 200 33 "http://localhost:9000/account/security/" "Mozilla/5.0 (Windows NT 10.0; Win64; x64) AppleWebKit/537.36 (KHTML, like Gecko) Chrome/75.0.3770.100 Safari/537.36" "AWvaeScUEgM+DbvVAAA/"
0:0:0:0:0:0:0:1 - - [10/Jul/2019:13:01:51 +0530] "POST /api/user_tokens/generate HTTP/1.1" 200 122 "http://localhost:9000/account/security/" "Mozilla/5.0 (Windows NT 10.0; Win64; x64) AppleWebKit/537.36 (KHTML, like Gecko) Chrome/75.0.3770.100 Safari/537.36" "AWvaeScUEgM+DbvVAABA"
