2019.07.10 11:29:35 INFO  es[][o.e.e.NodeEnvironment] using [1] data paths, mounts [[Windows (C:)]], net usable_space [408.8gb], net total_space [460.4gb], types [NTFS]
2019.07.10 11:29:35 INFO  es[][o.e.e.NodeEnvironment] heap size [494.9mb], compressed ordinary object pointers [true]
2019.07.10 11:29:35 INFO  es[][o.e.n.Node] node name [sonarqube], node ID [L8ocbrMAR8iDR_iorZgAMQ]
2019.07.10 11:29:35 INFO  es[][o.e.n.Node] version[6.8.0], pid[10416], build[unknown/unknown/65b6179/2019-05-15T20:06:13.172855Z], OS[Windows 10/10.0/amd64], JVM[Oracle Corporation/Java HotSpot(TM) 64-Bit Server VM/11.0.3/11.0.3+12-LTS]
2019.07.10 11:29:35 INFO  es[][o.e.n.Node] JVM arguments [-XX:+UseConcMarkSweepGC, -XX:CMSInitiatingOccupancyFraction=75, -XX:+UseCMSInitiatingOccupancyOnly, -Des.networkaddress.cache.ttl=60, -Des.networkaddress.cache.negative.ttl=10, -XX:+AlwaysPreTouch, -Xss1m, -Djava.awt.headless=true, -Dfile.encoding=UTF-8, -Djna.nosys=true, -XX:-OmitStackTraceInFastThrow, -Dio.netty.noUnsafe=true, -Dio.netty.noKeySetOptimization=true, -Dio.netty.recycler.maxCapacityPerThread=0, -Dlog4j.shutdownHookEnabled=false, -Dlog4j2.disable.jmx=true, -Djava.io.tmpdir=C:\Users\pradyant.kharat\Downloads\sonarqube-7.9\sonarqube-7.9\temp, -XX:ErrorFile=../logs/es_hs_err_pid%p.log, -Xms512m, -Xmx512m, -XX:+HeapDumpOnOutOfMemoryError, -Delasticsearch, -Des.path.home=C:\Users\pradyant.kharat\Downloads\sonarqube-7.9\sonarqube-7.9\elasticsearch, -Des.path.conf=C:\Users\pradyant.kharat\Downloads\sonarqube-7.9\sonarqube-7.9\temp\conf\es]
2019.07.10 11:29:39 INFO  es[][o.e.p.PluginsService] loaded module [analysis-common]
2019.07.10 11:29:39 INFO  es[][o.e.p.PluginsService] loaded module [lang-painless]
2019.07.10 11:29:39 INFO  es[][o.e.p.PluginsService] loaded module [mapper-extras]
2019.07.10 11:29:39 INFO  es[][o.e.p.PluginsService] loaded module [parent-join]
2019.07.10 11:29:39 INFO  es[][o.e.p.PluginsService] loaded module [percolator]
2019.07.10 11:29:39 INFO  es[][o.e.p.PluginsService] loaded module [reindex]
2019.07.10 11:29:39 INFO  es[][o.e.p.PluginsService] loaded module [repository-url]
2019.07.10 11:29:39 INFO  es[][o.e.p.PluginsService] loaded module [transport-netty4]
2019.07.10 11:29:39 INFO  es[][o.e.p.PluginsService] no plugins loaded
2019.07.10 11:29:41 WARN  es[][o.e.d.c.s.Settings] [http.enabled] setting was deprecated in Elasticsearch and will be removed in a future release! See the breaking changes documentation for the next major version.
2019.07.10 11:29:46 INFO  es[][o.e.d.DiscoveryModule] using discovery type [zen] and host providers [settings]
2019.07.10 11:29:47 INFO  es[][o.e.n.Node] initialized
2019.07.10 11:29:47 INFO  es[][o.e.n.Node] starting ...
2019.07.10 11:29:47 INFO  es[][o.e.t.TransportService] publish_address {127.0.0.1:9001}, bound_addresses {127.0.0.1:9001}
2019.07.10 11:29:51 INFO  es[][o.e.c.s.MasterService] zen-disco-elected-as-master ([0] nodes joined), reason: new_master {sonarqube}{L8ocbrMAR8iDR_iorZgAMQ}{wrSjJ5b8SSGy4cYwADwG1Q}{127.0.0.1}{127.0.0.1:9001}{rack_id=sonarqube}
2019.07.10 11:29:51 INFO  es[][o.e.c.s.ClusterApplierService] new_master {sonarqube}{L8ocbrMAR8iDR_iorZgAMQ}{wrSjJ5b8SSGy4cYwADwG1Q}{127.0.0.1}{127.0.0.1:9001}{rack_id=sonarqube}, reason: apply cluster state (from master [master {sonarqube}{L8ocbrMAR8iDR_iorZgAMQ}{wrSjJ5b8SSGy4cYwADwG1Q}{127.0.0.1}{127.0.0.1:9001}{rack_id=sonarqube} committed version [1] source [zen-disco-elected-as-master ([0] nodes joined)]])
2019.07.10 11:29:51 INFO  es[][o.e.n.Node] started
2019.07.10 11:29:51 INFO  es[][o.e.g.GatewayService] recovered [0] indices into cluster_state
2019.07.10 11:30:36 INFO  es[][o.e.c.m.MetaDataCreateIndexService] [metadatas] creating index, cause [api], templates [], shards [1]/[0], mappings []
2019.07.10 11:30:38 INFO  es[][o.e.c.r.a.AllocationService] Cluster health status changed from [YELLOW] to [GREEN] (reason: [shards started [[metadatas][0]] ...]).
2019.07.10 11:30:39 INFO  es[][o.e.c.m.MetaDataMappingService] [metadatas/gRN0BiBpQBSGQhDqCjvylw] create_mapping [metadata]
2019.07.10 11:30:40 INFO  es[][o.e.c.m.MetaDataCreateIndexService] [components] creating index, cause [api], templates [], shards [5]/[0], mappings []
2019.07.10 11:30:42 INFO  es[][o.e.c.r.a.AllocationService] Cluster health status changed from [YELLOW] to [GREEN] (reason: [shards started [[components][4]] ...]).
2019.07.10 11:30:42 INFO  es[][o.e.c.m.MetaDataMappingService] [components/HCf8p07STZODz01CHruJcQ] create_mapping [auth]
2019.07.10 11:30:43 INFO  es[][o.e.c.m.MetaDataCreateIndexService] [projectmeasures] creating index, cause [api], templates [], shards [5]/[0], mappings []
2019.07.10 11:30:45 INFO  es[][o.e.c.r.a.AllocationService] Cluster health status changed from [YELLOW] to [GREEN] (reason: [shards started [[projectmeasures][4]] ...]).
2019.07.10 11:30:45 INFO  es[][o.e.c.m.MetaDataMappingService] [projectmeasures/KRpv-LitQHGH-DofTWsjQQ] create_mapping [auth]
2019.07.10 11:30:45 INFO  es[][o.e.c.m.MetaDataCreateIndexService] [rules] creating index, cause [api], templates [], shards [2]/[0], mappings []
2019.07.10 11:30:46 INFO  es[][o.e.c.r.a.AllocationService] Cluster health status changed from [YELLOW] to [GREEN] (reason: [shards started [[rules][0]] ...]).
2019.07.10 11:30:46 INFO  es[][o.e.c.m.MetaDataMappingService] [rules/5X_h6T1xRpaxif-n8Okw2Q] create_mapping [rule]
2019.07.10 11:30:47 INFO  es[][o.e.c.m.MetaDataCreateIndexService] [issues] creating index, cause [api], templates [], shards [5]/[0], mappings []
2019.07.10 11:30:49 INFO  es[][o.e.c.r.a.AllocationService] Cluster health status changed from [YELLOW] to [GREEN] (reason: [shards started [[issues][4]] ...]).
2019.07.10 11:30:49 INFO  es[][o.e.c.m.MetaDataMappingService] [issues/pe6jVNz9Rzix8vfz4kDYOg] create_mapping [auth]
2019.07.10 11:30:50 INFO  es[][o.e.c.m.MetaDataCreateIndexService] [users] creating index, cause [api], templates [], shards [1]/[0], mappings []
2019.07.10 11:30:50 INFO  es[][o.e.c.r.a.AllocationService] Cluster health status changed from [YELLOW] to [GREEN] (reason: [shards started [[users][0]] ...]).
2019.07.10 11:30:50 INFO  es[][o.e.c.m.MetaDataMappingService] [users/pRKAQUy7QDK1ElOgY_wjXg] create_mapping [user]
2019.07.10 11:30:51 INFO  es[][o.e.c.m.MetaDataCreateIndexService] [views] creating index, cause [api], templates [], shards [5]/[0], mappings []
2019.07.10 11:30:53 INFO  es[][o.e.c.r.a.AllocationService] Cluster health status changed from [YELLOW] to [GREEN] (reason: [shards started [[views][4]] ...]).
2019.07.10 11:30:53 INFO  es[][o.e.c.m.MetaDataMappingService] [views/ITJVpvFpQXeheixdynEwZQ] create_mapping [view]
2019.07.10 11:31:35 INFO  es[][o.e.c.s.IndexScopedSettings] updating [index.refresh_interval] from [30s] to [-1]
2019.07.10 11:31:35 INFO  es[][o.e.c.s.IndexScopedSettings] updating [index.refresh_interval] from [30s] to [-1]
2019.07.10 11:31:36 INFO  es[][o.e.c.s.IndexScopedSettings] updating [index.refresh_interval] from [-1] to [30s]
2019.07.10 11:31:36 INFO  es[][o.e.c.s.IndexScopedSettings] updating [index.refresh_interval] from [-1] to [30s]
2019.07.10 11:31:37 INFO  es[][o.e.c.s.IndexScopedSettings] updating [index.refresh_interval] from [30s] to [-1]
2019.07.10 11:31:37 INFO  es[][o.e.c.s.IndexScopedSettings] updating [index.refresh_interval] from [30s] to [-1]
2019.07.10 11:31:37 INFO  es[][o.e.c.s.IndexScopedSettings] updating [index.refresh_interval] from [-1] to [30s]
2019.07.10 11:31:37 INFO  es[][o.e.c.s.IndexScopedSettings] updating [index.refresh_interval] from [-1] to [30s]
2019.07.10 14:14:41 INFO  es[][o.e.m.j.JvmGcMonitorService] [gc][9879] overhead, spent [357ms] collecting in the last [1s]
2019.07.10 15:05:16 INFO  es[][o.e.m.j.JvmGcMonitorService] [gc][12903] overhead, spent [698ms] collecting in the last [1.4s]
