--> Wrapper Started as Console
Launching a JVM...
Wrapper (Version 3.2.3) http://wrapper.tanukisoftware.org
  Copyright 1999-2006 Tanuki Software, Inc.  All Rights Reserved.


WrapperSimpleApp: Encountered an error running main: java.lang.IllegalStateException: SonarQube requires Java 11+ to run
java.lang.IllegalStateException: SonarQube requires Java 11+ to run
	at org.sonar.application.App.checkJavaVersion(App.java:93)
	at org.sonar.application.App.start(App.java:56)
	at org.sonar.application.App.main(App.java:98)
	at sun.reflect.NativeMethodAccessorImpl.invoke0(Native Method)
	at sun.reflect.NativeMethodAccessorImpl.invoke(Unknown Source)
	at sun.reflect.DelegatingMethodAccessorImpl.invoke(Unknown Source)
	at java.lang.reflect.Method.invoke(Unknown Source)
	at org.tanukisoftware.wrapper.WrapperSimpleApp.run(WrapperSimpleApp.java:240)
	at java.lang.Thread.run(Unknown Source)
<-- Wrapper Stopped
--> Wrapper Started as Console
Launching a JVM...
Wrapper (Version 3.2.3) http://wrapper.tanukisoftware.org
  Copyright 1999-2006 Tanuki Software, Inc.  All Rights Reserved.


WrapperSimpleApp: Encountered an error running main: java.lang.IllegalStateException: SonarQube requires Java 11+ to run
java.lang.IllegalStateException: SonarQube requires Java 11+ to run
	at org.sonar.application.App.checkJavaVersion(App.java:93)
	at org.sonar.application.App.start(App.java:56)
	at org.sonar.application.App.main(App.java:98)
	at sun.reflect.NativeMethodAccessorImpl.invoke0(Native Method)
	at sun.reflect.NativeMethodAccessorImpl.invoke(Unknown Source)
	at sun.reflect.DelegatingMethodAccessorImpl.invoke(Unknown Source)
	at java.lang.reflect.Method.invoke(Unknown Source)
	at org.tanukisoftware.wrapper.WrapperSimpleApp.run(WrapperSimpleApp.java:240)
	at java.lang.Thread.run(Unknown Source)
<-- Wrapper Stopped
--> Wrapper Started as Console
Launching a JVM...
Wrapper (Version 3.2.3) http://wrapper.tanukisoftware.org
  Copyright 1999-2006 Tanuki Software, Inc.  All Rights Reserved.


WrapperSimpleApp: Encountered an error running main: java.lang.IllegalStateException: SonarQube requires Java 11+ to run
java.lang.IllegalStateException: SonarQube requires Java 11+ to run
	at org.sonar.application.App.checkJavaVersion(App.java:93)
	at org.sonar.application.App.start(App.java:56)
	at org.sonar.application.App.main(App.java:98)
	at sun.reflect.NativeMethodAccessorImpl.invoke0(Native Method)
	at sun.reflect.NativeMethodAccessorImpl.invoke(Unknown Source)
	at sun.reflect.DelegatingMethodAccessorImpl.invoke(Unknown Source)
	at java.lang.reflect.Method.invoke(Unknown Source)
	at org.tanukisoftware.wrapper.WrapperSimpleApp.run(WrapperSimpleApp.java:240)
	at java.lang.Thread.run(Unknown Source)
<-- Wrapper Stopped
--> Wrapper Started as Console
Launching a JVM...
Wrapper (Version 3.2.3) http://wrapper.tanukisoftware.org
  Copyright 1999-2006 Tanuki Software, Inc.  All Rights Reserved.


WrapperSimpleApp: Encountered an error running main: java.lang.IllegalStateException: SonarQube requires Java 11+ to run
java.lang.IllegalStateException: SonarQube requires Java 11+ to run
	at org.sonar.application.App.checkJavaVersion(App.java:93)
	at org.sonar.application.App.start(App.java:56)
	at org.sonar.application.App.main(App.java:98)
	at sun.reflect.NativeMethodAccessorImpl.invoke0(Native Method)
	at sun.reflect.NativeMethodAccessorImpl.invoke(Unknown Source)
	at sun.reflect.DelegatingMethodAccessorImpl.invoke(Unknown Source)
	at java.lang.reflect.Method.invoke(Unknown Source)
	at org.tanukisoftware.wrapper.WrapperSimpleApp.run(WrapperSimpleApp.java:240)
	at java.lang.Thread.run(Unknown Source)
<-- Wrapper Stopped
--> Wrapper Started as Console
Launching a JVM...
Wrapper (Version 3.2.3) http://wrapper.tanukisoftware.org
  Copyright 1999-2006 Tanuki Software, Inc.  All Rights Reserved.


WrapperSimpleApp: Encountered an error running main: java.lang.IllegalStateException: SonarQube requires Java 11+ to run
java.lang.IllegalStateException: SonarQube requires Java 11+ to run
	at org.sonar.application.App.checkJavaVersion(App.java:93)
	at org.sonar.application.App.start(App.java:56)
	at org.sonar.application.App.main(App.java:98)
	at sun.reflect.NativeMethodAccessorImpl.invoke0(Native Method)
	at sun.reflect.NativeMethodAccessorImpl.invoke(Unknown Source)
	at sun.reflect.DelegatingMethodAccessorImpl.invoke(Unknown Source)
	at java.lang.reflect.Method.invoke(Unknown Source)
	at org.tanukisoftware.wrapper.WrapperSimpleApp.run(WrapperSimpleApp.java:240)
	at java.lang.Thread.run(Unknown Source)
<-- Wrapper Stopped
--> Wrapper Started as Console
Launching a JVM...
Wrapper (Version 3.2.3) http://wrapper.tanukisoftware.org
  Copyright 1999-2006 Tanuki Software, Inc.  All Rights Reserved.


WrapperSimpleApp: Encountered an error running main: java.lang.IllegalStateException: SonarQube requires Java 11+ to run
java.lang.IllegalStateException: SonarQube requires Java 11+ to run
	at org.sonar.application.App.checkJavaVersion(App.java:93)
	at org.sonar.application.App.start(App.java:56)
	at org.sonar.application.App.main(App.java:98)
	at sun.reflect.NativeMethodAccessorImpl.invoke0(Native Method)
	at sun.reflect.NativeMethodAccessorImpl.invoke(Unknown Source)
	at sun.reflect.DelegatingMethodAccessorImpl.invoke(Unknown Source)
	at java.lang.reflect.Method.invoke(Unknown Source)
	at org.tanukisoftware.wrapper.WrapperSimpleApp.run(WrapperSimpleApp.java:240)
	at java.lang.Thread.run(Unknown Source)
<-- Wrapper Stopped
--> Wrapper Started as Console
Launching a JVM...
Wrapper (Version 3.2.3) http://wrapper.tanukisoftware.org
  Copyright 1999-2006 Tanuki Software, Inc.  All Rights Reserved.


WrapperSimpleApp: Encountered an error running main: java.lang.IllegalStateException: SonarQube requires Java 11+ to run
java.lang.IllegalStateException: SonarQube requires Java 11+ to run
	at org.sonar.application.App.checkJavaVersion(App.java:93)
	at org.sonar.application.App.start(App.java:56)
	at org.sonar.application.App.main(App.java:98)
	at sun.reflect.NativeMethodAccessorImpl.invoke0(Native Method)
	at sun.reflect.NativeMethodAccessorImpl.invoke(Unknown Source)
	at sun.reflect.DelegatingMethodAccessorImpl.invoke(Unknown Source)
	at java.lang.reflect.Method.invoke(Unknown Source)
	at org.tanukisoftware.wrapper.WrapperSimpleApp.run(WrapperSimpleApp.java:240)
	at java.lang.Thread.run(Unknown Source)
<-- Wrapper Stopped
--> Wrapper Started as Console
Launching a JVM...
Wrapper (Version 3.2.3) http://wrapper.tanukisoftware.org
  Copyright 1999-2006 Tanuki Software, Inc.  All Rights Reserved.


WrapperSimpleApp: Encountered an error running main: java.lang.IllegalStateException: SonarQube requires Java 11+ to run
java.lang.IllegalStateException: SonarQube requires Java 11+ to run
	at org.sonar.application.App.checkJavaVersion(App.java:93)
	at org.sonar.application.App.start(App.java:56)
	at org.sonar.application.App.main(App.java:98)
	at sun.reflect.NativeMethodAccessorImpl.invoke0(Native Method)
	at sun.reflect.NativeMethodAccessorImpl.invoke(Unknown Source)
	at sun.reflect.DelegatingMethodAccessorImpl.invoke(Unknown Source)
	at java.lang.reflect.Method.invoke(Unknown Source)
	at org.tanukisoftware.wrapper.WrapperSimpleApp.run(WrapperSimpleApp.java:240)
	at java.lang.Thread.run(Unknown Source)
<-- Wrapper Stopped
--> Wrapper Started as Console
Launching a JVM...
Wrapper (Version 3.2.3) http://wrapper.tanukisoftware.org
  Copyright 1999-2006 Tanuki Software, Inc.  All Rights Reserved.


WrapperSimpleApp: Encountered an error running main: java.lang.IllegalStateException: SonarQube requires Java 11+ to run
java.lang.IllegalStateException: SonarQube requires Java 11+ to run
	at org.sonar.application.App.checkJavaVersion(App.java:93)
	at org.sonar.application.App.start(App.java:56)
	at org.sonar.application.App.main(App.java:98)
	at sun.reflect.NativeMethodAccessorImpl.invoke0(Native Method)
	at sun.reflect.NativeMethodAccessorImpl.invoke(Unknown Source)
	at sun.reflect.DelegatingMethodAccessorImpl.invoke(Unknown Source)
	at java.lang.reflect.Method.invoke(Unknown Source)
	at org.tanukisoftware.wrapper.WrapperSimpleApp.run(WrapperSimpleApp.java:240)
	at java.lang.Thread.run(Unknown Source)
<-- Wrapper Stopped
--> Wrapper Started as Console
Launching a JVM...
Error: opening registry key 'Software\JavaSoft\Java Runtime Environment'
Error: could not find java.dll
Error: Could not find Java SE Runtime Environment.
JVM exited while loading the application.
JVM Restarts disabled.  Shutting down.
<-- Wrapper Stopped
--> Wrapper Started as Console
Launching a JVM...
Error: opening registry key 'Software\JavaSoft\Java Runtime Environment'
Error: could not find java.dll
Error: Could not find Java SE Runtime Environment.
JVM exited while loading the application.
JVM Restarts disabled.  Shutting down.
<-- Wrapper Stopped
--> Wrapper Started as Console
Launching a JVM...
Error: opening registry key 'Software\JavaSoft\Java Runtime Environment'
Error: could not find java.dll
Error: Could not find Java SE Runtime Environment.
JVM exited while loading the application.
JVM Restarts disabled.  Shutting down.
<-- Wrapper Stopped
--> Wrapper Started as Console
Launching a JVM...
Wrapper (Version 3.2.3) http://wrapper.tanukisoftware.org
  Copyright 1999-2006 Tanuki Software, Inc.  All Rights Reserved.

2019.07.10 11:29:25 INFO  app[][o.s.a.AppFileSystem] Cleaning or creating temp directory C:\Users\pradyant.kharat\Downloads\sonarqube-7.9\sonarqube-7.9\temp
2019.07.10 11:29:25 INFO  app[][o.s.a.es.EsSettings] Elasticsearch listening on /127.0.0.1:9001
2019.07.10 11:29:25 INFO  app[][o.s.a.ProcessLauncherImpl] Launch process[[key='es', ipcIndex=1, logFilenamePrefix=es]] from [C:\Users\pradyant.kharat\Downloads\sonarqube-7.9\sonarqube-7.9\elasticsearch]: C:\Program Files\Java\jdk-11.0.3\bin\java -XX:+UseConcMarkSweepGC -XX:CMSInitiatingOccupancyFraction=75 -XX:+UseCMSInitiatingOccupancyOnly -Des.networkaddress.cache.ttl=60 -Des.networkaddress.cache.negative.ttl=10 -XX:+AlwaysPreTouch -Xss1m -Djava.awt.headless=true -Dfile.encoding=UTF-8 -Djna.nosys=true -XX:-OmitStackTraceInFastThrow -Dio.netty.noUnsafe=true -Dio.netty.noKeySetOptimization=true -Dio.netty.recycler.maxCapacityPerThread=0 -Dlog4j.shutdownHookEnabled=false -Dlog4j2.disable.jmx=true -Djava.io.tmpdir=C:\Users\pradyant.kharat\Downloads\sonarqube-7.9\sonarqube-7.9\temp -XX:ErrorFile=../logs/es_hs_err_pid%p.log -Xms512m -Xmx512m -XX:+HeapDumpOnOutOfMemoryError -Delasticsearch -Des.path.home=C:\Users\pradyant.kharat\Downloads\sonarqube-7.9\sonarqube-7.9\elasticsearch -Des.path.conf=C:\Users\pradyant.kharat\Downloads\sonarqube-7.9\sonarqube-7.9\temp\conf\es -cp lib/* org.elasticsearch.bootstrap.Elasticsearch
Java HotSpot(TM) 64-Bit Server VM warning: Option UseConcMarkSweepGC was deprecated in version 9.0 and will likely be removed in a future release.
2019.07.10 11:29:25 INFO  app[][o.s.a.SchedulerImpl] Waiting for Elasticsearch to be up and running
2019.07.10 11:29:27 INFO  app[][o.e.p.PluginsService] no modules loaded
2019.07.10 11:29:27 INFO  app[][o.e.p.PluginsService] loaded plugin [org.elasticsearch.transport.Netty4Plugin]
2019.07.10 11:29:51 INFO  app[][o.s.a.SchedulerImpl] Process[es] is up
2019.07.10 11:29:51 INFO  app[][o.s.a.ProcessLauncherImpl] Launch process[[key='web', ipcIndex=2, logFilenamePrefix=web]] from [C:\Users\pradyant.kharat\Downloads\sonarqube-7.9\sonarqube-7.9]: C:\Program Files\Java\jdk-11.0.3\bin\java -Djava.awt.headless=true -Dfile.encoding=UTF-8 -Djava.io.tmpdir=C:\Users\pradyant.kharat\Downloads\sonarqube-7.9\sonarqube-7.9\temp --add-opens=java.base/java.util=ALL-UNNAMED --add-opens=java.base/java.lang=ALL-UNNAMED --add-opens=java.base/java.io=ALL-UNNAMED --add-opens=java.rmi/sun.rmi.transport=ALL-UNNAMED -Xmx512m -Xms128m -XX:+HeapDumpOnOutOfMemoryError -Dhttp.nonProxyHosts=localhost|127.*|[::1] -cp ./lib/common/*;C:\Users\pradyant.kharat\Downloads\sonarqube-7.9\sonarqube-7.9\lib\jdbc\h2\h2-1.3.176.jar org.sonar.server.app.WebServer C:\Users\pradyant.kharat\Downloads\sonarqube-7.9\sonarqube-7.9\temp\sq-process8310779033785923191properties
2019.07.10 11:31:39 INFO  app[][o.s.a.SchedulerImpl] Process[web] is up
2019.07.10 11:31:39 INFO  app[][o.s.a.ProcessLauncherImpl] Launch process[[key='ce', ipcIndex=3, logFilenamePrefix=ce]] from [C:\Users\pradyant.kharat\Downloads\sonarqube-7.9\sonarqube-7.9]: C:\Program Files\Java\jdk-11.0.3\bin\java -Djava.awt.headless=true -Dfile.encoding=UTF-8 -Djava.io.tmpdir=C:\Users\pradyant.kharat\Downloads\sonarqube-7.9\sonarqube-7.9\temp --add-opens=java.base/java.util=ALL-UNNAMED -Xmx512m -Xms128m -XX:+HeapDumpOnOutOfMemoryError -Dhttp.nonProxyHosts=localhost|127.*|[::1] -cp ./lib/common/*;C:\Users\pradyant.kharat\Downloads\sonarqube-7.9\sonarqube-7.9\lib\jdbc\h2\h2-1.3.176.jar org.sonar.ce.app.CeServer C:\Users\pradyant.kharat\Downloads\sonarqube-7.9\sonarqube-7.9\temp\sq-process16078589282631556441properties
2019.07.10 11:32:07 INFO  app[][o.s.a.SchedulerImpl] Process[ce] is up
2019.07.10 11:32:07 INFO  app[][o.s.a.SchedulerImpl] SonarQube is up
